<?xml version="1.0" encoding="UTF-8"?>
<!-- Generated by org.testng.reporters.JUnitReportReporter -->
<testsuite skipped="0" hostname="LAPTOP-L0DJ4GN7" name="Demo.Demo1" tests="1" failures="0" timestamp="04 Nov 2022 12:03:02 GMT" time="0.008" errors="0">
  <testcase name="test1" time="0.008" classname="Demo.Demo1"/>
</testsuite> <!-- Demo.Demo1 -->
